This is pdfTeX, Version 3.14159265-2.6-1.40.15 (TeX Live 2015/dev/Debian) (preloaded format=pdflatex 2016.6.29)  3 JUL 2016 14:22
entering extended mode
 restricted \write18 enabled.
 %&-line parsing enabled.
**title
(./title.tex
LaTeX2e <2014/05/01>
Babel <3.9l> and hyphenation patterns for 16 languages loaded.
! Undefined control sequence.
l.8 \newgeometry
                {left=3cm,right=4cm, top=3cm, bottom=3.5cm} 
Here is how much of TeX's memory you used:
 4 strings out of 494518
 128 string characters out of 6170608
 47165 words of memory out of 5000000
 3466 multiletter control sequences out of 15000+600000
 3640 words of font info for 14 fonts, out of 8000000 for 9000
 264 hyphenation exceptions out of 8191
 5i,0n,1p,70b,8s stack positions out of 5000i,500n,10000p,200000b,80000s

!  ==> Fatal error occurred, no output PDF file produced!
